Pytest Parallelization Experiment Results
==================================================

COMMAND: python -m pytest -n auto --dist load
============================= test session starts =============================
platform win32 -- Python 3.11.9, pytest-7.4.4, pluggy-1.5.0
rootdir: C:\Users\rutuj\OneDrive\algorithms
plugins: cov-6.0.0, run-parallel-0.3.1, xdist-3.6.1
created: 12/12 workers
12 workers [412 items]

........................................................................ [ 16%]
........................................................................ [ 34%]
........................................................................ [ 52%]
......................................................................... [ 69%]
........................................................................ [ 87%]
...................................................                      [100%]
============================= 412 passed in 9.07s =============================
Execution Time: 10.04 seconds
--------------------------------------------------

COMMAND: python -m pytest -n auto --dist no
============================= test session starts =============================
platform win32 -- Python 3.11.9, pytest-7.4.4, pluggy-1.5.0
rootdir: C:\Users\rutuj\OneDrive\algorithms
plugins: cov-6.0.0, run-parallel-0.3.1, xdist-3.6.1
created: 12/12 workers
12 workers [412 items]

........................................................................ [ 17%]
........................................................................ [ 34%]
........................................................................ [ 51%]
........................................................................ [ 69%]
........................................................................ [ 86%]
....................................................                     [100%]
============================= 412 passed in 8.39s =============================
Execution Time: 8.97 seconds
--------------------------------------------------

COMMAND: python -m pytest -n 1 --dist load
============================= test session starts =============================
platform win32 -- Python 3.11.9, pytest-7.4.4, pluggy-1.5.0
rootdir: C:\Users\rutuj\OneDrive\algorithms
plugins: cov-6.0.0, run-parallel-0.3.1, xdist-3.6.1
created: 1/1 worker
1 worker [412 items]

........................................................................ [ 17%]
........................................................................ [ 34%]
........................................................................ [ 52%]
........................................................................ [ 69%]
........................................................................ [ 87%]
....................................................                     [100%]
============================= 412 passed in 4.96s =============================
Execution Time: 5.49 seconds
--------------------------------------------------

COMMAND: python -m pytest -n 1 --dist no
============================= test session starts =============================
platform win32 -- Python 3.11.9, pytest-7.4.4, pluggy-1.5.0
rootdir: C:\Users\rutuj\OneDrive\algorithms
plugins: cov-6.0.0, run-parallel-0.3.1, xdist-3.6.1
created: 1/1 worker
1 worker [412 items]

........................................................................ [ 17%]
........................................................................ [ 34%]
........................................................................ [ 52%]
........................................................................ [ 69%]
........................................................................ [ 87%]
....................................................                     [100%]
============================= 412 passed in 4.66s =============================
Execution Time: 5.29 seconds
--------------------------------------------------

COMMAND: python -m pytest --parallel-threads auto
============================= test session starts =============================
platform win32 -- Python 3.11.9, pytest-7.4.4, pluggy-1.5.0
rootdir: C:\Users\rutuj\OneDrive\algorithms
plugins: cov-6.0.0, run-parallel-0.3.1, xdist-3.6.1
collected 412 items

tests\test_array.py ...........................                          [  6%]
tests\test_automata.py .                                                 [  6%]
tests\test_backtrack.py .........................                        [ 12%]
tests\test_bfs.py ...                                                    [ 13%]
tests\test_bit.py .............................                          [ 20%]
tests\test_compression.py .....                                          [ 21%]
tests\test_dfs.py ........                                               [ 23%]
tests\test_dp.py ...............................                         [ 31%]
tests\test_graph.py ....................                                 [ 36%]
tests\test_greedy.py .                                                   [ 36%]
tests\test_heap.py .....                                                 [ 37%]
tests\test_histogram.py .                                                [ 37%]
tests\test_iterative_segment_tree.py .........                           [ 40%]
tests\test_linkedlist.py ............                                    [ 42%]
tests\test_map.py .........................                              [ 49%]
tests\test_maths.py ..................................................   [ 61%]
tests\test_matrix.py .............                                       [ 64%]
tests\test_ml.py ..                                                      [ 64%]
tests\test_monomial.py ........                                          [ 66%]
tests\test_polynomial.py .......                                         [ 68%]
tests\test_queues.py .....                                               [ 69%]
tests\test_search.py .............                                       [ 72%]
tests\test_set.py .                                                      [ 73%]
tests\test_sort.py ....................                                  [ 77%]
tests\test_stack.py ..........                                           [ 80%]
tests\test_streaming.py ....                                             [ 81%]
tests\test_strings.py .................................................. [ 93%]
..............                                                           [ 96%]
tests\test_tree.py ...........                                           [ 99%]
tests\test_unix.py ..                                                    [100%]

============================= 412 passed in 4.18s =============================
Execution Time: 4.75 seconds
--------------------------------------------------

COMMAND: python -m pytest --parallel-threads 1
============================= test session starts =============================
platform win32 -- Python 3.11.9, pytest-7.4.4, pluggy-1.5.0
rootdir: C:\Users\rutuj\OneDrive\algorithms
plugins: cov-6.0.0, run-parallel-0.3.1, xdist-3.6.1
collected 412 items

tests\test_array.py ...........................                          [  6%]
tests\test_automata.py .                                                 [  6%]
tests\test_backtrack.py .........................                        [ 12%]
tests\test_bfs.py ...                                                    [ 13%]
tests\test_bit.py .............................                          [ 20%]
tests\test_compression.py .....                                          [ 21%]
tests\test_dfs.py ........                                               [ 23%]
tests\test_dp.py ...............................                         [ 31%]
tests\test_graph.py ....................                                 [ 36%]
tests\test_greedy.py .                                                   [ 36%]
tests\test_heap.py .....                                                 [ 37%]
tests\test_histogram.py .                                                [ 37%]
tests\test_iterative_segment_tree.py .........                           [ 40%]
tests\test_linkedlist.py ............                                    [ 42%]
tests\test_map.py .........................                              [ 49%]
tests\test_maths.py ..................................................   [ 61%]
tests\test_matrix.py .............                                       [ 64%]
tests\test_ml.py ..                                                      [ 64%]
tests\test_monomial.py ........                                          [ 66%]
tests\test_polynomial.py .......                                         [ 68%]
tests\test_queues.py .....                                               [ 69%]
tests\test_search.py .............                                       [ 72%]
tests\test_set.py .                                                      [ 73%]
tests\test_sort.py ....................                                  [ 77%]
tests\test_stack.py ..........                                           [ 80%]
tests\test_streaming.py ....                                             [ 81%]
tests\test_strings.py .................................................. [ 93%]
..............                                                           [ 96%]
tests\test_tree.py ...........                                           [ 99%]
tests\test_unix.py ..                                                    [100%]

============================= 412 passed in 3.89s =============================
Execution Time: 4.39 seconds
--------------------------------------------------

COMMAND: python -m pytest -n auto --parallel-threads auto
============================= test session starts =============================
platform win32 -- Python 3.11.9, pytest-7.4.4, pluggy-1.5.0
rootdir: C:\Users\rutuj\OneDrive\algorithms
plugins: cov-6.0.0, run-parallel-0.3.1, xdist-3.6.1
created: 12/12 workers
12 workers [412 items]

........................................................................ [ 16%]
........................................................................ [ 34%]
......................................................................... [ 52%]
........................................................................ [ 70%]
......................................................................... [ 87%]
..................................................                       [100%]
============================= 412 passed in 7.95s =============================
Execution Time: 8.48 seconds
--------------------------------------------------

COMMAND: python -m pytest -n auto --parallel-threads 1
============================= test session starts =============================
platform win32 -- Python 3.11.9, pytest-7.4.4, pluggy-1.5.0
rootdir: C:\Users\rutuj\OneDrive\algorithms
plugins: cov-6.0.0, run-parallel-0.3.1, xdist-3.6.1
created: 12/12 workers
12 workers [412 items]

........................................................................ [ 17%]
........................................................................ [ 34%]
........................................................................ [ 51%]
.......................................................................... [ 69%]
........................................................................ [ 87%]
..................................................                       [100%]
============================= 412 passed in 7.53s =============================
Execution Time: 8.11 seconds
--------------------------------------------------

COMMAND: python -m pytest -n 1 --parallel-threads auto
============================= test session starts =============================
platform win32 -- Python 3.11.9, pytest-7.4.4, pluggy-1.5.0
rootdir: C:\Users\rutuj\OneDrive\algorithms
plugins: cov-6.0.0, run-parallel-0.3.1, xdist-3.6.1
created: 1/1 worker
1 worker [412 items]

........................................................................ [ 17%]
........................................................................ [ 34%]
........................................................................ [ 52%]
........................................................................ [ 69%]
........................................................................ [ 87%]
....................................................                     [100%]
============================= 412 passed in 4.71s =============================
Execution Time: 5.15 seconds
--------------------------------------------------

COMMAND: python -m pytest -n 1 --parallel-threads 1
============================= test session starts =============================
platform win32 -- Python 3.11.9, pytest-7.4.4, pluggy-1.5.0
rootdir: C:\Users\rutuj\OneDrive\algorithms
plugins: cov-6.0.0, run-parallel-0.3.1, xdist-3.6.1
created: 1/1 worker
1 worker [412 items]

........................................................................ [ 17%]
........................................................................ [ 34%]
........................................................................ [ 52%]
........................................................................ [ 69%]
........................................................................ [ 87%]
....................................................                     [100%]
============================= 412 passed in 4.65s =============================
Execution Time: 5.15 seconds
--------------------------------------------------

ATTEMPT 1: COMMAND: python -m pytest -n auto --dist load --parallel-threads auto
============================= test session starts =============================
platform win32 -- Python 3.11.9, pytest-7.4.4, pluggy-1.5.0
rootdir: C:\Users\rutuj\OneDrive\algorithms
plugins: cov-6.0.0, run-parallel-0.3.1, xdist-3.6.1
created: 12/12 workers
12 workers [412 items]

........................................................................ [ 17%]
........................................................................ [ 34%]
........................................................................ [ 52%]
........................................................................ [ 69%]
........................................................................ [ 87%]
....................................................                     [100%]
============================ 412 passed in 10.75s =============================
Execution Time: 11.26 seconds
--------------------------------------------------

ATTEMPT 1: COMMAND: python -m pytest -n auto --dist load --parallel-threads 1
============================= test session starts =============================
platform win32 -- Python 3.11.9, pytest-7.4.4, pluggy-1.5.0
rootdir: C:\Users\rutuj\OneDrive\algorithms
plugins: cov-6.0.0, run-parallel-0.3.1, xdist-3.6.1
created: 12/12 workers
12 workers [412 items]

........................................................................ [ 16%]
........................................................................ [ 34%]
........................................................................ [ 52%]
......................................................................... [ 69%]
........................................................................ [ 87%]
...................................................                      [100%]
============================= 412 passed in 7.18s =============================
Execution Time: 7.67 seconds
--------------------------------------------------

ATTEMPT 1: COMMAND: python -m pytest -n auto --dist no --parallel-threads auto
============================= test session starts =============================
platform win32 -- Python 3.11.9, pytest-7.4.4, pluggy-1.5.0
rootdir: C:\Users\rutuj\OneDrive\algorithms
plugins: cov-6.0.0, run-parallel-0.3.1, xdist-3.6.1
created: 12/12 workers
12 workers [412 items]

......................................................................... [ 16%]
........................................................................ [ 35%]
........................................................................ [ 52%]
.......................................................................... [ 70%]
........................................................................ [ 87%]
.................................................                        [100%]
============================= 412 passed in 8.05s =============================
Execution Time: 8.51 seconds
--------------------------------------------------

ATTEMPT 1: COMMAND: python -m pytest -n auto --dist no --parallel-threads 1
============================= test session starts =============================
platform win32 -- Python 3.11.9, pytest-7.4.4, pluggy-1.5.0
rootdir: C:\Users\rutuj\OneDrive\algorithms
plugins: cov-6.0.0, run-parallel-0.3.1, xdist-3.6.1
created: 12/12 workers
12 workers [412 items]

........................................................................ [ 17%]
........................................................................ [ 34%]
........................................................................ [ 52%]
........................................................................ [ 69%]
........................................................................ [ 87%]
....................................................                     [100%]
============================= 412 passed in 7.18s =============================
Execution Time: 7.66 seconds
--------------------------------------------------

ATTEMPT 1: COMMAND: python -m pytest -n 1 --dist load --parallel-threads auto
============================= test session starts =============================
platform win32 -- Python 3.11.9, pytest-7.4.4, pluggy-1.5.0
rootdir: C:\Users\rutuj\OneDrive\algorithms
plugins: cov-6.0.0, run-parallel-0.3.1, xdist-3.6.1
created: 1/1 worker
1 worker [412 items]

........................................................................ [ 17%]
........................................................................ [ 34%]
........................................................................ [ 52%]
........................................................................ [ 69%]
........................................................................ [ 87%]
....................................................                     [100%]
============================= 412 passed in 6.01s =============================
Execution Time: 6.49 seconds
--------------------------------------------------

ATTEMPT 1: COMMAND: python -m pytest -n 1 --dist load --parallel-threads 1
============================= test session starts =============================
platform win32 -- Python 3.11.9, pytest-7.4.4, pluggy-1.5.0
rootdir: C:\Users\rutuj\OneDrive\algorithms
plugins: cov-6.0.0, run-parallel-0.3.1, xdist-3.6.1
created: 1/1 worker
1 worker [412 items]

........................................................................ [ 17%]
........................................................................ [ 34%]
........................................................................ [ 52%]
........................................................................ [ 69%]
........................................................................ [ 87%]
....................................................                     [100%]
============================= 412 passed in 5.92s =============================
Execution Time: 6.44 seconds
--------------------------------------------------

ATTEMPT 1: COMMAND: python -m pytest -n 1 --dist no --parallel-threads auto
============================= test session starts =============================
platform win32 -- Python 3.11.9, pytest-7.4.4, pluggy-1.5.0
rootdir: C:\Users\rutuj\OneDrive\algorithms
plugins: cov-6.0.0, run-parallel-0.3.1, xdist-3.6.1
created: 1/1 worker
1 worker [412 items]

........................................................................ [ 17%]
........................................................................ [ 34%]
........................................................................ [ 52%]
........................................................................ [ 69%]
........................................................................ [ 87%]
....................................................                     [100%]
============================= 412 passed in 7.38s =============================
Execution Time: 8.00 seconds
--------------------------------------------------

ATTEMPT 1: COMMAND: python -m pytest -n 1 --dist no --parallel-threads 1
============================= test session starts =============================
platform win32 -- Python 3.11.9, pytest-7.4.4, pluggy-1.5.0
rootdir: C:\Users\rutuj\OneDrive\algorithms
plugins: cov-6.0.0, run-parallel-0.3.1, xdist-3.6.1
created: 1/1 worker
1 worker [412 items]

........................................................................ [ 17%]
........................................................................ [ 34%]
........................................................................ [ 52%]
........................................................................ [ 69%]
........................................................................ [ 87%]
....................................................                     [100%]
============================= 412 passed in 5.08s =============================
Execution Time: 5.67 seconds
--------------------------------------------------

ATTEMPT 2: COMMAND: python -m pytest -n auto --dist load --parallel-threads auto
============================= test session starts =============================
platform win32 -- Python 3.11.9, pytest-7.4.4, pluggy-1.5.0
rootdir: C:\Users\rutuj\OneDrive\algorithms
plugins: cov-6.0.0, run-parallel-0.3.1, xdist-3.6.1
created: 12/12 workers
12 workers [412 items]

........................................................................ [ 17%]
........................................................................ [ 34%]
........................................................................ [ 52%]
.......................................................................... [ 69%]
........................................................................ [ 87%]
..................................................                       [100%]
============================ 412 passed in 13.56s =============================
Execution Time: 14.14 seconds
--------------------------------------------------

ATTEMPT 2: COMMAND: python -m pytest -n auto --dist load --parallel-threads 1
============================= test session starts =============================
platform win32 -- Python 3.11.9, pytest-7.4.4, pluggy-1.5.0
rootdir: C:\Users\rutuj\OneDrive\algorithms
plugins: cov-6.0.0, run-parallel-0.3.1, xdist-3.6.1
created: 12/12 workers
12 workers [412 items]

........................................................................ [ 17%]
......................................................................... [ 34%]
........................................................................ [ 52%]
........................................................................ [ 69%]
........................................................................ [ 87%]
...................................................                      [100%]
============================= 412 passed in 8.15s =============================
Execution Time: 8.76 seconds
--------------------------------------------------

ATTEMPT 2: COMMAND: python -m pytest -n auto --dist no --parallel-threads auto
============================= test session starts =============================
platform win32 -- Python 3.11.9, pytest-7.4.4, pluggy-1.5.0
rootdir: C:\Users\rutuj\OneDrive\algorithms
plugins: cov-6.0.0, run-parallel-0.3.1, xdist-3.6.1
created: 12/12 workers
12 workers [412 items]

........................................................................ [ 17%]
......................................................................... [ 34%]
......................................................................... [ 52%]
........................................................................ [ 69%]
........................................................................ [ 87%]
..................................................                       [100%]
============================= 412 passed in 8.89s =============================
Execution Time: 9.35 seconds
--------------------------------------------------

ATTEMPT 2: COMMAND: python -m pytest -n auto --dist no --parallel-threads 1
============================= test session starts =============================
platform win32 -- Python 3.11.9, pytest-7.4.4, pluggy-1.5.0
rootdir: C:\Users\rutuj\OneDrive\algorithms
plugins: cov-6.0.0, run-parallel-0.3.1, xdist-3.6.1
created: 12/12 workers
12 workers [412 items]

......................................................................... [ 17%]
......................................................................... [ 35%]
........................................................................ [ 52%]
........................................................................ [ 70%]
........................................................................ [ 87%]
..................................................                       [100%]
============================= 412 passed in 9.79s =============================
Execution Time: 10.52 seconds
--------------------------------------------------

ATTEMPT 2: COMMAND: python -m pytest -n 1 --dist load --parallel-threads auto
============================= test session starts =============================
platform win32 -- Python 3.11.9, pytest-7.4.4, pluggy-1.5.0
rootdir: C:\Users\rutuj\OneDrive\algorithms
plugins: cov-6.0.0, run-parallel-0.3.1, xdist-3.6.1
created: 1/1 worker
1 worker [412 items]

........................................................................ [ 17%]
........................................................................ [ 34%]
........................................................................ [ 52%]
........................................................................ [ 69%]
........................................................................ [ 87%]
....................................................                     [100%]
============================= 412 passed in 6.61s =============================
Execution Time: 7.64 seconds
--------------------------------------------------

ATTEMPT 2: COMMAND: python -m pytest -n 1 --dist load --parallel-threads 1
============================= test session starts =============================
platform win32 -- Python 3.11.9, pytest-7.4.4, pluggy-1.5.0
rootdir: C:\Users\rutuj\OneDrive\algorithms
plugins: cov-6.0.0, run-parallel-0.3.1, xdist-3.6.1
created: 1/1 worker
1 worker [412 items]

........................................................................ [ 17%]
........................................................................ [ 34%]
........................................................................ [ 52%]
........................................................................ [ 69%]
........................................................................ [ 87%]
....................................................                     [100%]
============================= 412 passed in 5.89s =============================
Execution Time: 6.69 seconds
--------------------------------------------------

ATTEMPT 2: COMMAND: python -m pytest -n 1 --dist no --parallel-threads auto
============================= test session starts =============================
platform win32 -- Python 3.11.9, pytest-7.4.4, pluggy-1.5.0
rootdir: C:\Users\rutuj\OneDrive\algorithms
plugins: cov-6.0.0, run-parallel-0.3.1, xdist-3.6.1
created: 1/1 worker
1 worker [412 items]

........................................................................ [ 17%]
........................................................................ [ 34%]
........................................................................ [ 52%]
........................................................................ [ 69%]
........................................................................ [ 87%]
....................................................                     [100%]
============================= 412 passed in 6.40s =============================
Execution Time: 7.11 seconds
--------------------------------------------------

ATTEMPT 2: COMMAND: python -m pytest -n 1 --dist no --parallel-threads 1
============================= test session starts =============================
platform win32 -- Python 3.11.9, pytest-7.4.4, pluggy-1.5.0
rootdir: C:\Users\rutuj\OneDrive\algorithms
plugins: cov-6.0.0, run-parallel-0.3.1, xdist-3.6.1
created: 1/1 worker
1 worker [412 items]

........................................................................ [ 17%]
........................................................................ [ 34%]
........................................................................ [ 52%]
........................................................................ [ 69%]
........................................................................ [ 87%]
....................................................                     [100%]
============================= 412 passed in 4.77s =============================
Execution Time: 5.31 seconds
--------------------------------------------------

ATTEMPT 3: COMMAND: python -m pytest -n auto --dist load --parallel-threads auto
============================= test session starts =============================
platform win32 -- Python 3.11.9, pytest-7.4.4, pluggy-1.5.0
rootdir: C:\Users\rutuj\OneDrive\algorithms
plugins: cov-6.0.0, run-parallel-0.3.1, xdist-3.6.1
created: 12/12 workers
12 workers [412 items]

........................................................................ [ 17%]
........................................................................ [ 34%]
......................................................................... [ 52%]
......................................................................... [ 69%]
........................................................................ [ 87%]
..................................................                       [100%]
============================ 412 passed in 12.46s =============================
Execution Time: 13.06 seconds
--------------------------------------------------

ATTEMPT 3: COMMAND: python -m pytest -n auto --dist load --parallel-threads 1
============================= test session starts =============================
platform win32 -- Python 3.11.9, pytest-7.4.4, pluggy-1.5.0
rootdir: C:\Users\rutuj\OneDrive\algorithms
plugins: cov-6.0.0, run-parallel-0.3.1, xdist-3.6.1
created: 12/12 workers
12 workers [412 items]

.......................................................................... [ 17%]
.......................................................................... [ 35%]
........................................................................ [ 53%]
.......................................................................... [ 70%]
........................................................................ [ 88%]
..............................................                           [100%]
============================ 412 passed in 10.35s =============================
Execution Time: 11.25 seconds
--------------------------------------------------

ATTEMPT 3: COMMAND: python -m pytest -n auto --dist no --parallel-threads auto
============================= test session starts =============================
platform win32 -- Python 3.11.9, pytest-7.4.4, pluggy-1.5.0
rootdir: C:\Users\rutuj\OneDrive\algorithms
plugins: cov-6.0.0, run-parallel-0.3.1, xdist-3.6.1
created: 12/12 workers
12 workers [412 items]

......................................................................... [ 17%]
........................................................................ [ 34%]
........................................................................ [ 52%]
......................................................................... [ 70%]
........................................................................ [ 87%]
..................................................                       [100%]
============================ 412 passed in 13.50s =============================
Execution Time: 14.23 seconds
--------------------------------------------------

ATTEMPT 3: COMMAND: python -m pytest -n auto --dist no --parallel-threads 1
============================= test session starts =============================
platform win32 -- Python 3.11.9, pytest-7.4.4, pluggy-1.5.0
rootdir: C:\Users\rutuj\OneDrive\algorithms
plugins: cov-6.0.0, run-parallel-0.3.1, xdist-3.6.1
created: 12/12 workers
12 workers [412 items]

......................................................................... [ 17%]
........................................................................ [ 34%]
......................................................................... [ 52%]
........................................................................ [ 70%]
........................................................................ [ 87%]
..................................................                       [100%]
============================= 412 passed in 9.31s =============================
Execution Time: 10.02 seconds
--------------------------------------------------

ATTEMPT 3: COMMAND: python -m pytest -n 1 --dist load --parallel-threads auto
============================= test session starts =============================
platform win32 -- Python 3.11.9, pytest-7.4.4, pluggy-1.5.0
rootdir: C:\Users\rutuj\OneDrive\algorithms
plugins: cov-6.0.0, run-parallel-0.3.1, xdist-3.6.1
created: 1/1 worker
1 worker [412 items]

........................................................................ [ 17%]
........................................................................ [ 34%]
........................................................................ [ 52%]
........................................................................ [ 69%]
........................................................................ [ 87%]
....................................................                     [100%]
============================= 412 passed in 5.59s =============================
Execution Time: 6.41 seconds
--------------------------------------------------

ATTEMPT 3: COMMAND: python -m pytest -n 1 --dist load --parallel-threads 1
============================= test session starts =============================
platform win32 -- Python 3.11.9, pytest-7.4.4, pluggy-1.5.0
rootdir: C:\Users\rutuj\OneDrive\algorithms
plugins: cov-6.0.0, run-parallel-0.3.1, xdist-3.6.1
created: 1/1 worker
1 worker [412 items]

........................................................................ [ 17%]
........................................................................ [ 34%]
........................................................................ [ 52%]
........................................................................ [ 69%]
........................................................................ [ 87%]
....................................................                     [100%]
============================= 412 passed in 4.70s =============================
Execution Time: 5.37 seconds
--------------------------------------------------

ATTEMPT 3: COMMAND: python -m pytest -n 1 --dist no --parallel-threads auto
============================= test session starts =============================
platform win32 -- Python 3.11.9, pytest-7.4.4, pluggy-1.5.0
rootdir: C:\Users\rutuj\OneDrive\algorithms
plugins: cov-6.0.0, run-parallel-0.3.1, xdist-3.6.1
created: 1/1 worker
1 worker [412 items]

........................................................................ [ 17%]
........................................................................ [ 34%]
........................................................................ [ 52%]
........................................................................ [ 69%]
........................................................................ [ 87%]
....................................................                     [100%]
============================= 412 passed in 9.84s =============================
Execution Time: 10.87 seconds
--------------------------------------------------

ATTEMPT 3: COMMAND: python -m pytest -n 1 --dist no --parallel-threads 1
============================= test session starts =============================
platform win32 -- Python 3.11.9, pytest-7.4.4, pluggy-1.5.0
rootdir: C:\Users\rutuj\OneDrive\algorithms
plugins: cov-6.0.0, run-parallel-0.3.1, xdist-3.6.1
created: 1/1 worker
1 worker [412 items]

........................................................................ [ 17%]
........................................................................ [ 34%]
........................................................................ [ 52%]
........................................................................ [ 69%]
........................................................................ [ 87%]
....................................................                     [100%]
============================= 412 passed in 7.06s =============================
Execution Time: 7.51 seconds
--------------------------------------------------
